** WARNING ** io features related to pcap will be disabled
** WARNING ** io features related to png will be disabled
** WARNING ** io features related to libusb-1.0 will be disabled
[33m[1mCMake Warning[0m at /opt/ros/noetic/share/catkin/cmake/catkin_package.cmake:166 (message):
  catkin_package() DEPENDS on 'system_lib' but neither
  'system_lib_INCLUDE_DIRS' nor 'system_lib_LIBRARIES' is defined.
[36mCall Stack (most recent call first):[0m
  /opt/ros/noetic/share/catkin/cmake/catkin_package.cmake:102 (_catkin_package)
  CMakeLists.txt:110 (catkin_package)


[31m[1mCMake Error[0m at /home/boyu/pcl_ws/src/cone_detection/CMakeLists.txt:227 (add_executable):
  Cannot find source file:

    src/cone_legality_verification.cpp

  Tried extensions .c .C .c++ .cc .cpp .cxx .cu .m .M .mm .h .hh .h++ .hm
  .hpp .hxx .in .txx


[31m[1mCMake Error[0m at /home/boyu/pcl_ws/src/cone_detection/CMakeLists.txt:218 (add_executable):
  Cannot find source file:

    src/conditional_removel.cpp

  Tried extensions .c .C .c++ .cc .cpp .cxx .cu .m .M .mm .h .hh .h++ .hm
  .hpp .hxx .in .txx


[31m[1mCMake Error[0m at /home/boyu/pcl_ws/src/cone_detection/CMakeLists.txt:221 (add_executable):
  Cannot find source file:

    src/euclidean_clustering.cpp

  Tried extensions .c .C .c++ .cc .cpp .cxx .cu .m .M .mm .h .hh .h++ .hm
  .hpp .hxx .in .txx


[31m[1mCMake Error[0m at /home/boyu/pcl_ws/src/cone_detection/CMakeLists.txt:224 (add_executable):
  Cannot find source file:

    src/reconstructed_cone.cpp

  Tried extensions .c .C .c++ .cc .cpp .cxx .cu .m .M .mm .h .hh .h++ .hm
  .hpp .hxx .in .txx


[31m[1mCMake Error[0m at /home/boyu/pcl_ws/src/cone_detection/CMakeLists.txt:227 (add_executable):
  No SOURCES given to target: cone_legality_verification


[31m[1mCMake Error[0m at /home/boyu/pcl_ws/src/cone_detection/CMakeLists.txt:218 (add_executable):
  No SOURCES given to target: conditional_removel


[31m[1mCMake Error[0m at /home/boyu/pcl_ws/src/cone_detection/CMakeLists.txt:221 (add_executable):
  No SOURCES given to target: euclidean_clustering


[31m[1mCMake Error[0m at /home/boyu/pcl_ws/src/cone_detection/CMakeLists.txt:224 (add_executable):
  No SOURCES given to target: reconstructed_cone


CMake Generate step failed.  Build files cannot be regenerated correctly.
make: *** [Makefile:1588: cmake_check_build_system] Error 1
